00:00:00.467200 VirtualBox GUI VM Selector Window 7.0.8 r156879 linux.amd64 (Apr 18 2023 21:49:14) release log
00:00:00.467203 Log opened 2023-06-18T08:55:14.445305000Z
00:00:00.467204 Build Type: release
00:00:00.467207 OS Product: Linux
00:00:00.467208 OS Release: 6.3.8-arch1-1
00:00:00.467209 OS Version: #1 SMP PREEMPT_DYNAMIC Wed, 14 Jun 2023 20:10:31 +0000
00:00:00.467241 DMI Product Name: 42918H3
00:00:00.467255 DMI Product Version: ThinkPad X220
00:00:00.467265 Firmware type: UEFI
00:00:00.467279 Secure Boot: Disabled
00:00:00.467324 Host RAM: 15880MB (15.5GB) total, 15006MB (14.6GB) available
00:00:00.467327 Executable: /usr/lib/virtualbox/VirtualBox
00:00:00.467328 Process ID: 1372
00:00:00.467329 Package type: LINUX_64BITS_GENERIC (OSE)
00:00:00.467373 Qt version: 5.15.10
00:00:00.469474 GUI: UIMediumEnumerator: Initial medium-enumeration finished!
00:00:00.476342 GUI: UIMediumEnumerator: Medium-enumeration started...
00:00:00.476374 GUI: UIMediumEnumerator: Medium-enumeration finished!
00:00:01.298059 GUI: UIDesktopWidgetWatchdog::sltHandleHostScreenAvailableGeometryCalculated: Screen 0 work area is actually resized to: 456x0 x 455x750
00:13:08.138078 GUI: UIMediumEnumerator: Medium-enumeration finished!
00:13:12.841164 GUI: UIMediumEnumerator: Medium-enumeration finished!
00:14:32.403403 GUI: UICommon: Handling aboutToQuit request..
00:14:33.286101 GUI: UICommon: aboutToQuit request handled!
