00:00:00.002020 main     VirtualBox XPCOM Server 7.0.8 r156879 linux.amd64 (Apr 18 2023 21:49:14) release log
00:00:00.002023 main     Log opened 2023-06-18T08:55:14.224140000Z
00:00:00.002024 main     Build Type: release
00:00:00.002032 main     OS Product: Linux
00:00:00.002034 main     OS Release: 6.3.8-arch1-1
00:00:00.002035 main     OS Version: #1 SMP PREEMPT_DYNAMIC Wed, 14 Jun 2023 20:10:31 +0000
00:00:00.002067 main     DMI Product Name: 42918H3
00:00:00.002083 main     DMI Product Version: ThinkPad X220
00:00:00.002099 main     Firmware type: UEFI
00:00:00.002116 main     Secure Boot: Disabled
00:00:00.002165 main     Host RAM: 15880MB (15.5GB) total, 15014MB (14.6GB) available
00:00:00.002169 main     Executable: /usr/lib/virtualbox/VBoxSVC
00:00:00.002170 main     Process ID: 1488
00:00:00.002170 main     Package type: LINUX_64BITS_GENERIC (OSE)
00:00:00.004362 main     IPC socket path: /tmp/.vbox-hendori-ipc/ipcd
00:00:00.115868 nspr-2   VirtualBox: object creation starts
00:00:00.117903 nspr-2   Home directory: '/home/hendori/.config/VirtualBox'
00:00:00.118229 nspr-2   Loading settings file "/home/hendori/.config/VirtualBox/VirtualBox.xml" with version "1.12-linux"
00:00:00.138820 nspr-2   NetIfAdpCtlOut: VBoxNetAdpCtl: Error while retrieving link speed for wlan0: VBoxNetAdpCtl: ioctl failed: Operation not supported
00:00:00.139746 nspr-2   HostDnsMonitor: initializing
00:00:00.139972 nspr-2   NAT: resolv.conf: nameserver 127.0.0.53
00:00:00.139992 nspr-2   NAT: resolv.conf: ignoring "options edns0 trust-ad"
00:00:00.140005 nspr-2   HostDnsMonitor: updating information
00:00:00.140020 nspr-2   HostDnsMonitor: old information
00:00:00.140027 nspr-2     no server entries
00:00:00.140032 nspr-2     no domain set
00:00:00.140036 nspr-2     no search string entries
00:00:00.140040 nspr-2   HostDnsMonitor: new information
00:00:00.140044 nspr-2     server 1: 127.0.0.53
00:00:00.140048 nspr-2     domain: .
00:00:00.140053 nspr-2     search string 1: .
00:00:00.145572 nspr-2   VD: VDInit finished with VINF_SUCCESS
00:00:00.146370 nspr-2   ERROR [COM]: aRC=NS_ERROR_FAILURE (0x80004005) aIID={aac6c7cb-a371-4c58-ab51-0616896b2f2c} aComponent={SystemPropertiesWrap} aText={Cannot determine default Guest Additions ISO location. Most likely they are not available}, preserve=false aResultDetail=0
00:00:00.147897 nspr-2   VirtualBox: object created
00:00:01.081525 nspr-2   WARNING [COM]: aRC=NS_ERROR_FAILURE (0x80004005) aIID={e54f6256-97a7-4947-8a78-10c013ddf4b8} aComponent={HostWrap} aText={VirtualBox is not currently allowed to access USB devices.  You can change this by adding your user to the 'vboxusers' group.  Please see the user manual for a more detailed explanation}, preserve=false aResultDetail=0
00:00:01.448189 nspr-4   Saving settings file "/home/hendori/.config/VirtualBox/VirtualBox.xml" with version "1.12-linux"
00:00:01.453155 nspr-4   Finished saving settings file "/home/hendori/.config/VirtualBox/VirtualBox.xml"
00:00:09.350027 nspr-3   Saving settings file "/home/hendori/.config/VirtualBox/VirtualBox.xml" with version "1.12-linux"
00:00:09.367679 nspr-3   Finished saving settings file "/home/hendori/.config/VirtualBox/VirtualBox.xml"
00:13:07.833471 nspr-2   Loading settings file "/home/hendori/Downloads/kali-linux-2023.2-virtualbox-amd64.vbox" with version "1.16"
00:13:07.840863 nspr-2   ERROR [COM]: aRC=VBOX_E_OBJECT_NOT_FOUND (0x80bb0001) aIID={7682d5eb-f00e-44f1-8ca2-99d08b1cd607} aComponent={VirtualBoxWrap} aText={Could not find a registered machine with UUID {f43a94b9-4908-4cf7-bab9-4584b7c5473c}}, preserve=false aResultDetail=0
00:13:07.841852 nspr-2   Saving settings file "/home/hendori/.config/VirtualBox/VirtualBox.xml" with version "1.12-linux"
00:13:07.845181 nspr-2   Finished saving settings file "/home/hendori/.config/VirtualBox/VirtualBox.xml"
00:13:07.864937 nspr-2   Saving settings file "/home/hendori/.config/VirtualBox/VirtualBox.xml" with version "1.12-linux"
00:13:07.868107 nspr-2   Finished saving settings file "/home/hendori/.config/VirtualBox/VirtualBox.xml"
00:13:08.229383 nspr-2   WARNING [COM]: aRC=NS_ERROR_FAILURE (0x80004005) aIID={e54f6256-97a7-4947-8a78-10c013ddf4b8} aComponent={HostWrap} aText={VirtualBox is not currently allowed to access USB devices.  You can change this by adding your user to the 'vboxusers' group.  Please see the user manual for a more detailed explanation}, preserve=true aResultDetail=0
00:13:08.291370 nspr-2   ERROR [COM]: aRC=VBOX_E_INVALID_VM_STATE (0x80bb0002) aIID={300763af-5d6b-46e6-aa96-273eac15538a} aComponent={MachineWrap} aText={The machine is not mutable (state is PoweredOff)}, preserve=false aResultDetail=0
00:13:08.453984 nspr-3   WARNING [COM]: aRC=NS_ERROR_FAILURE (0x80004005) aIID={e54f6256-97a7-4947-8a78-10c013ddf4b8} aComponent={HostWrap} aText={VirtualBox is not currently allowed to access USB devices.  You can change this by adding your user to the 'vboxusers' group.  Please see the user manual for a more detailed explanation}, preserve=true aResultDetail=0
00:13:08.455376 nspr-3   WARNING [COM]: aRC=NS_ERROR_FAILURE (0x80004005) aIID={e54f6256-97a7-4947-8a78-10c013ddf4b8} aComponent={HostWrap} aText={VirtualBox is not currently allowed to access USB devices.  You can change this by adding your user to the 'vboxusers' group.  Please see the user manual for a more detailed explanation}, preserve=true aResultDetail=0
00:13:11.091785 nspr-5   Launched VM: 1140858160 pid: 2539 (0x9eb) frontend: GUI/Qt name: kali-linux-2023.2-virtualbox-amd64
00:13:11.125686 nspr-5   ERROR [COM]: aRC=VBOX_E_INVALID_VM_STATE (0x80bb0002) aIID={300763af-5d6b-46e6-aa96-273eac15538a} aComponent={MachineWrap} aText={The machine is not mutable (state is PoweredOff)}, preserve=false aResultDetail=0
00:13:11.157776 nspr-5   WARNING [COM]: aRC=NS_ERROR_FAILURE (0x80004005) aIID={e54f6256-97a7-4947-8a78-10c013ddf4b8} aComponent={HostWrap} aText={VirtualBox is not currently allowed to access USB devices.  You can change this by adding your user to the 'vboxusers' group.  Please see the user manual for a more detailed explanation}, preserve=true aResultDetail=0
00:13:11.159341 nspr-5   WARNING [COM]: aRC=NS_ERROR_FAILURE (0x80004005) aIID={e54f6256-97a7-4947-8a78-10c013ddf4b8} aComponent={HostWrap} aText={VirtualBox is not currently allowed to access USB devices.  You can change this by adding your user to the 'vboxusers' group.  Please see the user manual for a more detailed explanation}, preserve=true aResultDetail=0
00:13:11.412948 nspr-7   ERROR [COM]: aRC=VBOX_E_INVALID_VM_STATE (0x80bb0002) aIID={300763af-5d6b-46e6-aa96-273eac15538a} aComponent={MachineWrap} aText={The machine is not mutable (state is PoweredOff)}, preserve=false aResultDetail=0
00:13:11.432243 nspr-8   WARNING [COM]: aRC=NS_ERROR_FAILURE (0x80004005) aIID={e54f6256-97a7-4947-8a78-10c013ddf4b8} aComponent={HostWrap} aText={VirtualBox is not currently allowed to access USB devices.  You can change this by adding your user to the 'vboxusers' group.  Please see the user manual for a more detailed explanation}, preserve=true aResultDetail=0
00:13:11.434230 nspr-8   WARNING [COM]: aRC=NS_ERROR_FAILURE (0x80004005) aIID={e54f6256-97a7-4947-8a78-10c013ddf4b8} aComponent={HostWrap} aText={VirtualBox is not currently allowed to access USB devices.  You can change this by adding your user to the 'vboxusers' group.  Please see the user manual for a more detailed explanation}, preserve=true aResultDetail=0
00:13:11.598201 nspr-8   Saving settings file "/home/hendori/.config/VirtualBox/VirtualBox.xml" with version "1.12-linux"
00:13:11.605267 nspr-8   Finished saving settings file "/home/hendori/.config/VirtualBox/VirtualBox.xml"
00:13:12.058862 nspr-8   WARNING [COM]: aRC=NS_ERROR_FAILURE (0x80004005) aIID={e54f6256-97a7-4947-8a78-10c013ddf4b8} aComponent={HostWrap} aText={VirtualBox is not currently allowed to access USB devices.  You can change this by adding your user to the 'vboxusers' group.  Please see the user manual for a more detailed explanation}, preserve=true aResultDetail=0
00:13:12.059941 nspr-4   WARNING [COM]: aRC=NS_ERROR_FAILURE (0x80004005) aIID={e54f6256-97a7-4947-8a78-10c013ddf4b8} aComponent={HostWrap} aText={VirtualBox is not currently allowed to access USB devices.  You can change this by adding your user to the 'vboxusers' group.  Please see the user manual for a more detailed explanation}, preserve=true aResultDetail=0
00:13:12.060298 nspr-4   ERROR [COM]: aRC=VBOX_E_OBJECT_NOT_FOUND (0x80bb0001) aIID={70401eef-c8e9-466b-9660-45cb3e9979e4} aComponent={ExtPackManagerWrap} aText={No extension pack by the name 'Oracle VM VirtualBox Extension Pack' was found}, preserve=false aResultDetail=0
00:13:12.122873 nspr-3   WARNING [COM]: aRC=NS_ERROR_FAILURE (0x80004005) aIID={e54f6256-97a7-4947-8a78-10c013ddf4b8} aComponent={HostWrap} aText={VirtualBox is not currently allowed to access USB devices.  You can change this by adding your user to the 'vboxusers' group.  Please see the user manual for a more detailed explanation}, preserve=true aResultDetail=0
00:13:12.124164 nspr-2   WARNING [COM]: aRC=NS_ERROR_FAILURE (0x80004005) aIID={e54f6256-97a7-4947-8a78-10c013ddf4b8} aComponent={HostWrap} aText={VirtualBox is not currently allowed to access USB devices.  You can change this by adding your user to the 'vboxusers' group.  Please see the user manual for a more detailed explanation}, preserve=true aResultDetail=0
00:13:12.150309 nspr-2   ERROR [COM]: aRC=VBOX_E_IPRT_ERROR (0x80bb0005) aIID={300763af-5d6b-46e6-aa96-273eac15538a} aComponent={SessionMachine} aText={Saved screenshot data is not available (VERR_NOT_SUPPORTED)}, preserve=false aResultDetail=-37
00:13:12.183045 nspr-3   NetIfAdpCtlOut: VBoxNetAdpCtl: Error while retrieving link speed for wlan0: VBoxNetAdpCtl: ioctl failed: Operation not supported
00:13:12.187152 nspr-3   WARNING [COM]: aRC=NS_ERROR_FAILURE (0x80004005) aIID={e54f6256-97a7-4947-8a78-10c013ddf4b8} aComponent={HostWrap} aText={VirtualBox is not currently allowed to access USB devices.  You can change this by adding your user to the 'vboxusers' group.  Please see the user manual for a more detailed explanation}, preserve=false aResultDetail=0
00:13:12.188028 nspr-2   WARNING [COM]: aRC=NS_ERROR_FAILURE (0x80004005) aIID={e54f6256-97a7-4947-8a78-10c013ddf4b8} aComponent={HostWrap} aText={VirtualBox is not currently allowed to access USB devices.  You can change this by adding your user to the 'vboxusers' group.  Please see the user manual for a more detailed explanation}, preserve=true aResultDetail=0
00:13:12.188212 nspr-2   WARNING [COM]: aRC=NS_ERROR_FAILURE (0x80004005) aIID={e54f6256-97a7-4947-8a78-10c013ddf4b8} aComponent={HostWrap} aText={VirtualBox is not currently allowed to access USB devices.  You can change this by adding your user to the 'vboxusers' group.  Please see the user manual for a more detailed explanation}, preserve=true aResultDetail=0
00:13:12.215639 nspr-6   WARNING [COM]: aRC=NS_ERROR_FAILURE (0x80004005) aIID={e54f6256-97a7-4947-8a78-10c013ddf4b8} aComponent={HostWrap} aText={VirtualBox is not currently allowed to access USB devices.  You can change this by adding your user to the 'vboxusers' group.  Please see the user manual for a more detailed explanation}, preserve=true aResultDetail=0
00:13:12.235888 nspr-6   ERROR [COM]: aRC=VBOX_E_INVALID_VM_STATE (0x80bb0002) aIID={300763af-5d6b-46e6-aa96-273eac15538a} aComponent={MachineWrap} aText={The machine is not mutable (state is Starting)}, preserve=false aResultDetail=0
00:13:12.251484 nspr-6   WARNING [COM]: aRC=NS_ERROR_FAILURE (0x80004005) aIID={e54f6256-97a7-4947-8a78-10c013ddf4b8} aComponent={HostWrap} aText={VirtualBox is not currently allowed to access USB devices.  You can change this by adding your user to the 'vboxusers' group.  Please see the user manual for a more detailed explanation}, preserve=true aResultDetail=0
00:13:12.302787 nspr-6   WARNING [COM]: aRC=NS_ERROR_FAILURE (0x80004005) aIID={e54f6256-97a7-4947-8a78-10c013ddf4b8} aComponent={HostWrap} aText={VirtualBox is not currently allowed to access USB devices.  You can change this by adding your user to the 'vboxusers' group.  Please see the user manual for a more detailed explanation}, preserve=true aResultDetail=0
00:13:12.304338 nspr-7   WARNING [COM]: aRC=NS_ERROR_FAILURE (0x80004005) aIID={e54f6256-97a7-4947-8a78-10c013ddf4b8} aComponent={HostWrap} aText={VirtualBox is not currently allowed to access USB devices.  You can change this by adding your user to the 'vboxusers' group.  Please see the user manual for a more detailed explanation}, preserve=true aResultDetail=0
00:13:12.501640 nspr-6   ERROR [COM]: aRC=VBOX_E_OBJECT_NOT_FOUND (0x80bb0001) aIID={ad47ad09-787b-44ab-b343-a082a3f2dfb1} aComponent={MediumWrap} aText={Property 'CRYPT/KeyId' does not exist}, preserve=false aResultDetail=0
00:13:12.572424 nspr-5   WARNING [COM]: aRC=NS_ERROR_FAILURE (0x80004005) aIID={e54f6256-97a7-4947-8a78-10c013ddf4b8} aComponent={HostWrap} aText={VirtualBox is not currently allowed to access USB devices.  You can change this by adding your user to the 'vboxusers' group.  Please see the user manual for a more detailed explanation}, preserve=true aResultDetail=0
00:13:12.580215 nspr-7   Saving settings file "/home/hendori/Downloads/kali-linux-2023.2-virtualbox-amd64.vbox" with version "1.19-linux"
00:13:12.584141 nspr-7   Finished saving settings file "/home/hendori/Downloads/kali-linux-2023.2-virtualbox-amd64.vbox"
00:13:12.606390 nspr-9   ERROR [COM]: aRC=VBOX_E_INVALID_VM_STATE (0x80bb0002) aIID={300763af-5d6b-46e6-aa96-273eac15538a} aComponent={MachineWrap} aText={The machine is not mutable (state is Running)}, preserve=false aResultDetail=0
00:13:12.648715 nspr-9   WARNING [COM]: aRC=NS_ERROR_FAILURE (0x80004005) aIID={e54f6256-97a7-4947-8a78-10c013ddf4b8} aComponent={HostWrap} aText={VirtualBox is not currently allowed to access USB devices.  You can change this by adding your user to the 'vboxusers' group.  Please see the user manual for a more detailed explanation}, preserve=true aResultDetail=0
00:13:12.650392 nspr-5   WARNING [COM]: aRC=NS_ERROR_FAILURE (0x80004005) aIID={e54f6256-97a7-4947-8a78-10c013ddf4b8} aComponent={HostWrap} aText={VirtualBox is not currently allowed to access USB devices.  You can change this by adding your user to the 'vboxusers' group.  Please see the user manual for a more detailed explanation}, preserve=true aResultDetail=0
00:13:27.825423 nspr-4   Saving settings file "/home/hendori/.config/VirtualBox/VirtualBox.xml" with version "1.12-linux"
00:13:27.837414 nspr-4   Finished saving settings file "/home/hendori/.config/VirtualBox/VirtualBox.xml"
00:14:32.476437 nspr-7   Saving settings file "/home/hendori/Downloads/kali-linux-2023.2-virtualbox-amd64.vbox" with version "1.19-linux"
00:14:32.480303 nspr-7   Finished saving settings file "/home/hendori/Downloads/kali-linux-2023.2-virtualbox-amd64.vbox"
00:14:32.493880 nspr-8   Saving settings file "/home/hendori/Downloads/kali-linux-2023.2-virtualbox-amd64.vbox" with version "1.19-linux"
00:14:32.498019 nspr-8   Finished saving settings file "/home/hendori/Downloads/kali-linux-2023.2-virtualbox-amd64.vbox"
00:14:43.724955 nspr-5   Saving settings file "/home/hendori/Downloads/kali-linux-2023.2-virtualbox-amd64.vbox" with version "1.19-linux"
00:14:43.740803 nspr-5   Finished saving settings file "/home/hendori/Downloads/kali-linux-2023.2-virtualbox-amd64.vbox"
00:14:49.929377 nspr-7   Saving settings file "/home/hendori/Downloads/kali-linux-2023.2-virtualbox-amd64.vbox" with version "1.19-linux"
00:14:49.940511 nspr-7   Finished saving settings file "/home/hendori/Downloads/kali-linux-2023.2-virtualbox-amd64.vbox"
00:14:49.978631 SaveState Saving settings file "/home/hendori/Downloads/kali-linux-2023.2-virtualbox-amd64.vbox" with version "1.19-linux"
00:14:49.992601 SaveState Finished saving settings file "/home/hendori/Downloads/kali-linux-2023.2-virtualbox-amd64.vbox"
00:14:56.438878 main     VirtualBox: object deletion starts
00:14:56.439061 main     ERROR [COM]: aRC=VBOX_E_OBJECT_IN_USE (0x80bb000c) aIID={ad47ad09-787b-44ab-b343-a082a3f2dfb1} aComponent={MediumWrap} aText={Medium '/home/hendori/Downloads/kali-linux-2023.2-virtualbox-amd64.vdi' cannot be closed because it is still attached to 1 virtual machines}, preserve=false aResultDetail=0
00:14:56.440472 main     HostDnsMonitor: shutting down ...
00:14:56.441202 main     HostDnsMonitor: shut down
00:14:56.452967 Watcher  ERROR [COM]: aRC=E_ACCESSDENIED (0x80070005) aIID={7682d5eb-f00e-44f1-8ca2-99d08b1cd607} aComponent={VirtualBoxWrap} aText={The object is not ready}, preserve=false aResultDetail=0
00:14:56.453256 main     VirtualBox: object deleted
